# JRE version: Java(TM) SE Runtime Environment (8.0_40-b25) (build 1.8.0_40-b25)
# Java VM: Java HotSpot(TM) 64-Bit Server VM (25.40-b25 mixed mode windows-amd64 compressed oops)
Heap:
 PSYoungGen      total 115200K, used 16307K [0x0000000781a00000, 0x000000078bc00000, 0x00000007c0000000)
  eden space 102912K, 12% used [0x0000000781a00000,0x00000007826ab438,0x0000000787e80000)
  from space 12288K, 27% used [0x0000000788b80000,0x0000000788ec1b78,0x0000000789780000)
  to   space 13312K, 0% used [0x0000000787e80000,0x0000000787e80000,0x0000000788b80000)
 ParOldGen       total 126976K, used 16190K [0x0000000704e00000, 0x000000070ca00000, 0x0000000781a00000)
  object space 126976K, 12% used [0x0000000704e00000,0x0000000705dcf918,0x000000070ca00000)
 Metaspace       used 39202K, capacity 39502K, committed 39936K, reserved 1083392K
  class space    used 4995K, capacity 5065K, committed 5120K, reserved 1048576K
GC Heap History (10 events):
Event: 2.485 GC heap before
{Heap before GC invocations=4 (full 1):
 PSYoungGen      total 56320K, used 7652K [0x0000000781a00000, 0x0000000788800000, 0x00000007c0000000)
  eden space 48640K, 0% used [0x0000000781a00000,0x0000000781a00000,0x0000000784980000)
  from space 7680K, 99% used [0x0000000784980000,0x00000007850f9268,0x0000000785100000)
  to   space 7680K, 0% used [0x0000000788080000,0x0000000788080000,0x0000000788800000)
 ParOldGen       total 128512K, used 3457K [0x0000000704e00000, 0x000000070cb80000, 0x0000000781a00000)
  object space 128512K, 2% used [0x0000000704e00000,0x00000007051604a8,0x000000070cb80000)
 Metaspace       used 20903K, capacity 21126K, committed 21296K, reserved 1067008K
  class space    used 2777K, capacity 2835K, committed 2944K, reserved 1048576K
Event: 2.545 GC heap after
Heap after GC invocations=4 (full 1):
 PSYoungGen      total 56320K, used 0K [0x0000000781a00000, 0x0000000788800000, 0x00000007c0000000)
  eden space 48640K, 0% used [0x0000000781a00000,0x0000000781a00000,0x0000000784980000)
  from space 7680K, 0% used [0x0000000784980000,0x0000000784980000,0x0000000785100000)
  to   space 7680K, 0% used [0x0000000788080000,0x0000000788080000,0x0000000788800000)
 ParOldGen       total 82944K, used 8874K [0x0000000704e00000, 0x0000000709f00000, 0x0000000781a00000)
  object space 82944K, 10% used [0x0000000704e00000,0x00000007056aa800,0x0000000709f00000)
 Metaspace       used 20903K, capacity 21126K, committed 21296K, reserved 1067008K
  class space    used 2777K, capacity 2835K, committed 2944K, reserved 1048576K
}
Event: 5.797 GC heap before
{Heap before GC invocations=5 (full 1):
 PSYoungGen      total 56320K, used 48640K [0x0000000781a00000, 0x0000000788800000, 0x00000007c0000000)
  eden space 48640K, 100% used [0x0000000781a00000,0x0000000784980000,0x0000000784980000)
  from space 7680K, 0% used [0x0000000784980000,0x0000000784980000,0x0000000785100000)
  to   space 7680K, 0% used [0x0000000788080000,0x0000000788080000,0x0000000788800000)
 ParOldGen       total 82944K, used 8874K [0x0000000704e00000, 0x0000000709f00000, 0x0000000781a00000)
  object space 82944K, 10% used [0x0000000704e00000,0x00000007056aa800,0x0000000709f00000)
 Metaspace       used 27704K, capacity 27980K, committed 28032K, reserved 1073152K
  class space    used 3588K, capacity 3666K, committed 3712K, reserved 1048576K
Event: 5.812 GC heap after
Heap after GC invocations=5 (full 1):
 PSYoungGen      total 79360K, used 6150K [0x0000000781a00000, 0x0000000788700000, 0x00000007c0000000)
  eden space 72704K, 0% used [0x0000000781a00000,0x0000000781a00000,0x0000000786100000)
  from space 6656K, 92% used [0x0000000788080000,0x0000000788681950,0x0000000788700000)
  to   space 7680K, 0% used [0x0000000787800000,0x0000000787800000,0x0000000787f80000)
 ParOldGen       total 82944K, used 8882K [0x0000000704e00000, 0x0000000709f00000, 0x0000000781a00000)
  object space 82944K, 10% used [0x0000000704e00000,0x00000007056ac800,0x0000000709f00000)
 Metaspace       used 27704K, capacity 27980K, committed 28032K, reserved 1073152K
  class space    used 3588K, capacity 3666K, committed 3712K, reserved 1048576K
}
Event: 10.262 GC heap before
{Heap before GC invocations=6 (full 1):
 PSYoungGen      total 79360K, used 75012K [0x0000000781a00000, 0x0000000788700000, 0x00000007c0000000)
  eden space 72704K, 94% used [0x0000000781a00000,0x0000000785d3fa80,0x0000000786100000)
  from space 6656K, 92% used [0x0000000788080000,0x0000000788681950,0x0000000788700000)
  to   space 7680K, 0% used [0x0000000787800000,0x0000000787800000,0x0000000787f80000)
 ParOldGen       total 82944K, used 8882K [0x0000000704e00000, 0x0000000709f00000, 0x0000000781a00000)
  object space 82944K, 10% used [0x0000000704e00000,0x00000007056ac800,0x0000000709f00000)
 Metaspace       used 34904K, capacity 35222K, committed 35496K, reserved 1081344K
  class space    used 4498K, capacity 4581K, committed 4608K, reserved 1048576K
Event: 10.273 GC heap after
Heap after GC invocations=6 (full 1):
 PSYoungGen      total 103936K, used 7678K [0x0000000781a00000, 0x0000000789780000, 0x00000007c0000000)
  eden space 96256K, 0% used [0x0000000781a00000,0x0000000781a00000,0x0000000787800000)
  from space 7680K, 99% used [0x0000000787800000,0x0000000787f7fad8,0x0000000787f80000)
  to   space 12288K, 0% used [0x0000000788b80000,0x0000000788b80000,0x0000000789780000)
 ParOldGen       total 82944K, used 12029K [0x0000000704e00000, 0x0000000709f00000, 0x0000000781a00000)
  object space 82944K, 14% used [0x0000000704e00000,0x00000007059bf588,0x0000000709f00000)
 Metaspace       used 34904K, capacity 35222K, committed 35496K, reserved 1081344K
  class space    used 4498K, capacity 4581K, committed 4608K, reserved 1048576K
}
Event: 10.273 GC heap before
{Heap before GC invocations=7 (full 2):
 PSYoungGen      total 103936K, used 7678K [0x0000000781a00000, 0x0000000789780000, 0x00000007c0000000)
  eden space 96256K, 0% used [0x0000000781a00000,0x0000000781a00000,0x0000000787800000)
  from space 7680K, 99% used [0x0000000787800000,0x0000000787f7fad8,0x0000000787f80000)
  to   space 12288K, 0% used [0x0000000788b80000,0x0000000788b80000,0x0000000789780000)
 ParOldGen       total 82944K, used 12029K [0x0000000704e00000, 0x0000000709f00000, 0x0000000781a00000)
  object space 82944K, 14% used [0x0000000704e00000,0x00000007059bf588,0x0000000709f00000)
 Metaspace       used 34904K, capacity 35222K, committed 35496K, reserved 1081344K
  class space    used 4498K, capacity 4581K, committed 4608K, reserved 1048576K
Event: 10.357 GC heap after
Heap after GC invocations=7 (full 2):
 PSYoungGen      total 103936K, used 0K [0x0000000781a00000, 0x0000000789780000, 0x00000007c0000000)
  eden space 96256K, 0% used [0x0000000781a00000,0x0000000781a00000,0x0000000787800000)
  from space 7680K, 0% used [0x0000000787800000,0x0000000787800000,0x0000000787f80000)
  to   space 12288K, 0% used [0x0000000788b80000,0x0000000788b80000,0x0000000789780000)
 ParOldGen       total 126976K, used 16182K [0x0000000704e00000, 0x000000070ca00000, 0x0000000781a00000)
  object space 126976K, 12% used [0x0000000704e00000,0x0000000705dcd918,0x000000070ca00000)
 Metaspace       used 34904K, capacity 35222K, committed 35496K, reserved 1081344K
  class space    used 4498K, capacity 4581K, committed 4608K, reserved 1048576K
}
Event: 11.522 GC heap before
{Heap before GC invocations=8 (full 2):
 PSYoungGen      total 103936K, used 96225K [0x0000000781a00000, 0x0000000789780000, 0x00000007c0000000)
  eden space 96256K, 99% used [0x0000000781a00000,0x00000007877f86c8,0x0000000787800000)
  from space 7680K, 0% used [0x0000000787800000,0x0000000787800000,0x0000000787f80000)
  to   space 12288K, 0% used [0x0000000788b80000,0x0000000788b80000,0x0000000789780000)
 ParOldGen       total 126976K, used 16182K [0x0000000704e00000, 0x000000070ca00000, 0x0000000781a00000)
  object space 126976K, 12% used [0x0000000704e00000,0x0000000705dcd918,0x000000070ca00000)
 Metaspace       used 37955K, capacity 38254K, committed 38784K, reserved 1083392K
  class space    used 4843K, capacity 4905K, committed 4992K, reserved 1048576K
Event: 11.525 GC heap after
Heap after GC invocations=8 (full 2):
 PSYoungGen      total 115200K, used 3334K [0x0000000781a00000, 0x000000078bc00000, 0x00000007c0000000)
  eden space 102912K, 0% used [0x0000000781a00000,0x0000000781a00000,0x0000000787e80000)
  from space 12288K, 27% used [0x0000000788b80000,0x0000000788ec1b78,0x0000000789780000)
  to   space 13312K, 0% used [0x0000000787e80000,0x0000000787e80000,0x0000000788b80000)
 ParOldGen       total 126976K, used 16190K [0x0000000704e00000, 0x000000070ca00000, 0x0000000781a00000)
  object space 126976K, 12% used [0x0000000704e00000,0x0000000705dcf918,0x000000070ca00000)
 Metaspace       used 37955K, capacity 38254K, committed 38784K, reserved 1083392K
  class space    used 4843K, capacity 4905K, committed 4992K, reserved 1048576K
}

